<?xml version="1.0" encoding="UTF-8"?>
<testsuite name="org.hyperledger.fabric.samples.airport.IDContractChaincodeTest" tests="1" skipped="0" failures="0" errors="0" timestamp="2020-04-05T15:43:35" hostname="ubuntu" time="3.79">
  <properties/>
  <testcase name="invokeUnknownTransaction()" classname="org.hyperledger.fabric.samples.airport.IDContractChaincodeTest" time="3.79"/>
  <system-out><![CDATA[]]></system-out>
  <system-err><![CDATA[]]></system-err>
</testsuite>
